<?xml version="1.0" encoding="UTF-8"?>
<testsuite xmlns:xsi="http://www.w3.org/2001/XMLSchema-instance" xsi:noNamespaceSchemaLocation="https://maven.apache.org/surefire/maven-surefire-plugin/xsd/surefire-test-report-3.0.xsd" version="3.0" name="com.tom.BerlinClockTest" time="0.143" tests="10" errors="0" skipped="0" failures="0">
  <properties>
[...]
</properties>
  <testcase name="shouldThrowExceptionWhenGivenWrongTimeFormat(String)[1]" classname="com.tom.BerlinClockTest" time="0.049"/>
  <testcase name="shouldThrowExceptionWhenGivenWrongTimeFormat(String)[2]" classname="com.tom.BerlinClockTest" time="0.002"/>
  <testcase name="shouldThrowExceptionWhenGivenWrongTimeFormat(String)[3]" classname="com.tom.BerlinClockTest" time="0.001"/>
  <testcase name="shouldThrowExceptionWhenGivenWrongTimeFormat(String)[4]" classname="com.tom.BerlinClockTest" time="0.001"/>
  <testcase name="shouldThrowExceptionWhenGivenWrongTimeFormat(String)[5]" classname="com.tom.BerlinClockTest" time="0.001"/>
  <testcase name="shouldReturnValidString(String, String)[1]" classname="com.tom.BerlinClockTest" time="0.003"/>
  <testcase name="shouldReturnValidString(String, String)[2]" classname="com.tom.BerlinClockTest" time="0.001"/>
  <testcase name="shouldReturnValidString(String, String)[3]" classname="com.tom.BerlinClockTest" time="0.001"/>
  <testcase name="shouldReturnValidString(String, String)[4]" classname="com.tom.BerlinClockTest" time="0.001"/>
  <testcase name="shouldReturnValidString(String, String)[5]" classname="com.tom.BerlinClockTest" time="0.001"/>
</testsuite>